[2026-03-14 02:34:46] local.ERROR: Please provide a valid cache path. {"exception":"[object] (InvalidArgumentException(code: 0): Please provide a valid cache path. at C:/Users/Administrator/Desktop/Liezel/Solution/git-ars/appointment_system/vendor/laravel/framework/src/Illuminate/View/Compilers/Compiler.php:75)
[stacktrace]
#0 C:/Users/Administrator/Desktop/Liezel/Solution/git-ars/appointment_system/vendor/laravel/framework/src/Illuminate/View/ViewServiceProvider.php(97): Illuminate/View/Compilers/Compiler->__construct(Object(Illuminate/Filesystem/Filesystem), false, '', true, 'php', true)
#1 C:/Users/Administrator/Desktop/Liezel/Solution/git-ars/appointment_system/vendor/laravel/framework/src/Illuminate/Container/Container.php(1115): Illuminate/View/ViewServiceProvider->{closure:Illuminate/View/ViewServiceProvider::registerBladeCompiler():96}(Object(Illuminate/Foundation/Application), Array)
#2 C:/Users/Administrator/Desktop/Liezel/Solution/git-ars/appointment_system/vendor/laravel/framework/src/Illuminate/Container/Container.php(933): Illuminate/Container/Container->build(Object(Closure))
#3 C:/Users/Administrator/Desktop/Liezel/Solution/git-ars/appointment_system/vendor/laravel/framework/src/Illuminate/Foundation/Application.php(1078): Illuminate/Container/Container->resolve('blade.compiler', Array, true)
#4 C:/Users/Administrator/Desktop/Liezel/Solution/git-ars/appointment_system/vendor/laravel/framework/src/Illuminate/Container/Container.php(864): Illuminate/Foundation/Application->resolve('blade.compiler', Array)
#5 C:/Users/Administrator/Desktop/Liezel/Solution/git-ars/appointment_system/vendor/laravel/framework/src/Illuminate/Foundation/Application.php(1058): Illuminate/Container/Container->make('blade.compiler', Array)
#6 C:/Users/Administrator/Desktop/Liezel/Solution/git-ars/appointment_system/vendor/laravel/framework/src/Illuminate/Container/Container.php(1805): Illuminate/Foundation/Application->make('blade.compiler')
#7 C:/Users/Administrator/Desktop/Liezel/Solution/git-ars/appointment_system/vendor/laravel/framework/src/Illuminate/Support/Facades/Facade.php(240): Illuminate/Container/Container->offsetGet('blade.compiler')
#8 C:/Users/Administrator/Desktop/Liezel/Solution/git-ars/appointment_system/vendor/laravel/framework/src/Illuminate/Support/Facades/Facade.php(211): Illuminate/Support/Facades/Facade::resolveFacadeInstance('blade.compiler')
#9 C:/Users/Administrator/Desktop/Liezel/Solution/git-ars/appointment_system/vendor/laravel/framework/src/Illuminate/Support/Facades/Facade.php(357): Illuminate/Support/Facades/Facade::getFacadeRoot()
#10 C:/Users/Administrator/Desktop/Liezel/Solution/git-ars/appointment_system/vendor/livewire/blaze/src/BlazeServiceProvider.php(113): Illuminate/Support/Facades/Facade::__callStatic('directive', Array)
#11 C:/Users/Administrator/Desktop/Liezel/Solution/git-ars/appointment_system/vendor/livewire/blaze/src/BlazeServiceProvider.php(52): Livewire/Blaze/BlazeServiceProvider->registerBlazeDirectives()
#12 C:/Users/Administrator/Desktop/Liezel/Solution/git-ars/appointment_system/vendor/laravel/framework/src/Illuminate/Container/BoundMethod.php(36): Livewire/Blaze/BlazeServiceProvider->boot()
#13 C:/Users/Administrator/Desktop/Liezel/Solution/git-ars/appointment_system/vendor/laravel/framework/src/Illuminate/Container/Util.php(43): Illuminate/Container/BoundMethod::{closure:Illuminate/Container/BoundMethod::call():35}()
#14 C:/Users/Administrator/Desktop/Liezel/Solution/git-ars/appointment_system/vendor/laravel/framework/src/Illuminate/Container/BoundMethod.php(96): Illuminate/Container/Util::unwrapIfClosure(Object(Closure))
#15 C:/Users/Administrator/Desktop/Liezel/Solution/git-ars/appointment_system/vendor/laravel/framework/src/Illuminate/Container/BoundMethod.php(35): Illuminate/Container/BoundMethod::callBoundMethod(Object(Illuminate/Foundation/Application), Array, Object(Closure))
#16 C:/Users/Administrator/Desktop/Liezel/Solution/git-ars/appointment_system/vendor/laravel/framework/src/Illuminate/Container/Container.php(799): Illuminate/Container/BoundMethod::call(Object(Illuminate/Foundation/Application), Array, Array, NULL)
#17 C:/Users/Administrator/Desktop/Liezel/Solution/git-ars/appointment_system/vendor/laravel/framework/src/Illuminate/Foundation/Application.php(1151): Illuminate/Container/Container->call(Array)
#18 C:/Users/Administrator/Desktop/Liezel/Solution/git-ars/appointment_system/vendor/laravel/framework/src/Illuminate/Foundation/Application.php(1132): Illuminate/Foundation/Application->bootProvider(Object(Livewire/Blaze/BlazeServiceProvider))
#19 [internal function]: Illuminate/Foundation/Application->{closure:Illuminate/Foundation/Application::boot():1131}(Object(Livewire/Blaze/BlazeServiceProvider), 'Livewire//Blaze//...')
#20 C:/Users/Administrator/Desktop/Liezel/Solution/git-ars/appointment_system/vendor/laravel/framework/src/Illuminate/Foundation/Application.php(1131): array_walk(Array, Object(Closure))
#21 C:/Users/Administrator/Desktop/Liezel/Solution/git-ars/appointment_system/vendor/laravel/framework/src/Illuminate/Foundation/Bootstrap/BootProviders.php(17): Illuminate/Foundation/Application->boot()
#22 C:/Users/Administrator/Desktop/Liezel/Solution/git-ars/appointment_system/vendor/laravel/framework/src/Illuminate/Foundation/Application.php(342): Illuminate/Foundation/Bootstrap/BootProviders->bootstrap(Object(Illuminate/Foundation/Application))
#23 C:/Users/Administrator/Desktop/Liezel/Solution/git-ars/appointment_system/vendor/laravel/framework/src/Illuminate/Foundation/Console/Kernel.php(494): Illuminate/Foundation/Application->bootstrapWith(Array)
#24 C:/Users/Administrator/Desktop/Liezel/Solution/git-ars/appointment_system/vendor/laravel/framework/src/Illuminate/Foundation/Console/Kernel.php(196): Illuminate/Foundation/Console/Kernel->bootstrap()
#25 C:/Users/Administrator/Desktop/Liezel/Solution/git-ars/appointment_system/vendor/laravel/framework/src/Illuminate/Foundation/Application.php(1235): Illuminate/Foundation/Console/Kernel->handle(Object(Symfony/Component/Console/Input/ArgvInput), Object(Symfony/Component/Console/Output/ConsoleOutput))
#26 C:/Users/Administrator/Desktop/Liezel/Solution/git-ars/appointment_system/artisan(16): Illuminate/Foundation/Application->handleCommand(Object(Symfony/Component/Console/Input/ArgvInput))
#27 {main}
"} 
